Using pre-set license

 COMMAND LINE ARGUMENTS:
/Applications/Unity/Hub/Editor/2020.2.3f1/Unity.app/Contents/MacOS/Unity
-adb2
-batchMode
-noUpm
-name
AssetImportWorker1
-projectPath
/Users/anttih/dev/vball
-logFile
Logs/AssetImportWorker1.log
-srvPort
60677
Successfully changed project path to: /Users/anttih/dev/vball
/Users/anttih/dev/vball
Using Asset Import Pipeline V2.
Refreshing native plugins compatible for Editor in 46.52 ms, found 2 plugins.
Preloading 0 native plugins for Editor in 0.00 ms.
Initialize engine version: 2020.2.3f1 (8ff31bc5bf5b)
[Subsystems] Discovering subsystems at path /Applications/Unity/Hub/Editor/2020.2.3f1/Unity.app/Contents/Resources/UnitySubsystems
[Subsystems] Discovering subsystems at path /Users/anttih/dev/vball/Assets
GfxDevice: creating device client; threaded=0
2021-02-15 08:42:14.397 Unity[13354:497666] (null) preferred device: Apple M1 (high power)
2021-02-15 08:42:14.397 Unity[13354:497666] Metal devices available: 1
2021-02-15 08:42:14.397 Unity[13354:497666] 0: Apple M1 (high power)
2021-02-15 08:42:14.398 Unity[13354:497666] Using device Apple M1 (high power)
Initializing Metal device caps: Apple M1
Shader 'Universal Render Pipeline/Particles/Lit': fallback shader 'Universal Render Pipeline/Particles/SimpleLit' not found
Initialize mono
Mono path[0] = '/Applications/Unity/Hub/Editor/2020.2.3f1/Unity.app/Contents/Managed'
Mono path[1] = '/Applications/Unity/Hub/Editor/2020.2.3f1/Unity.app/Contents/MonoBleedingEdge/lib/mono/unityjit'
Mono config path = '/Applications/Unity/Hub/Editor/2020.2.3f1/Unity.app/Contents/MonoBleedingEdge/etc'
Using monoOptions --debugger-agent=transport=dt_socket,embedding=1,server=y,suspend=n,address=127.0.0.1:56354
Begin MonoManager ReloadAssembly
Registering precompiled unity dll's ...
Register platform support module: /Applications/Unity/Hub/Editor/2020.2.3f1/PlaybackEngines/WebGLSupport/UnityEditor.WebGL.Extensions.dll
Register platform support module: /Applications/Unity/Hub/Editor/2020.2.3f1/Unity.app/Contents/PlaybackEngines/MacStandaloneSupport/UnityEditor.OSXStandalone.Extensions.dll
Register platform support module: /Applications/Unity/Hub/Editor/2020.2.3f1/PlaybackEngines/WindowsStandaloneSupport/UnityEditor.WindowsStandalone.Extensions.dll
Register platform support module: /Applications/Unity/Hub/Editor/2020.2.3f1/PlaybackEngines/LinuxStandaloneSupport/UnityEditor.LinuxStandalone.Extensions.dll
Registered in 0.000661 seconds.
Native extension for LinuxStandalone target not found
Native extension for WindowsStandalone target not found
Native extension for OSXStandalone target not found
Native extension for WebGL target not found
Refreshing native plugins compatible for Editor in 51.83 ms, found 2 plugins.
Preloading 0 native plugins for Editor in 0.00 ms.
Invoked RoslynAnalysisRunner static constructor.
RoslynAnalysisRunner will not be running.
RoslynAnalysisRunner has terminated.
Mono: successfully reloaded assembly
- Completed reload, in  3.054 seconds
Platform modules already initialized, skipping
Registering precompiled user dll's ...
Registered in 0.000521 seconds.
Begin MonoManager ReloadAssembly
Native extension for LinuxStandalone target not found
Native extension for WindowsStandalone target not found
Native extension for OSXStandalone target not found
Native extension for WebGL target not found
Refreshing native plugins compatible for Editor in 51.09 ms, found 2 plugins.
Preloading 0 native plugins for Editor in 0.00 ms.
Invoked RoslynAnalysisRunner static constructor.
RoslynAnalysisRunner will not be running.
RoslynAnalysisRunner has terminated.
Mono: successfully reloaded assembly
- Completed reload, in  1.812 seconds
Platform modules already initialized, skipping
========================================================================
Worker process is ready to serve import requests
Shader 'Universal Render Pipeline/Particles/Lit': fallback shader 'Universal Render Pipeline/Particles/SimpleLit' not found
Launching external process: /Applications/Unity/Hub/Editor/2020.2.3f1/Unity.app/Contents/Tools/UnityShaderCompiler
Launched and connected shader compiler UnityShaderCompiler after 0.02 seconds
Refreshing native plugins compatible for Editor in 0.44 ms, found 2 plugins.
Preloading 0 native plugins for Editor in 0.00 ms.
Unloading 2985 Unused Serialized files (Serialized files now loaded: 0)
System memory in use before: 208.6 MB.
System memory in use after: 208.7 MB.

Unloading 25 unused Assets to reduce memory usage. Loaded Objects now: 3426.
Total: 1.980083 ms (FindLiveObjects: 0.202750 ms CreateObjectMapping: 0.072167 ms MarkObjects: 1.564166 ms  DeleteObjects: 0.140000 ms)

========================================================================
Received Import Request.
  path: Assets/Prefabs/Dude.prefab
  artifactKey: Guid(35acee41c43fe4603a20f91bac272c40) Importer(815301076,1909f56bfc062723c751e8b465ee728b)
Start importing Assets/Prefabs/Dude.prefab using Guid(35acee41c43fe4603a20f91bac272c40) Importer(815301076,1909f56bfc062723c751e8b465ee728b)  -> (artifact id: '32911cf8f6bae696dabafcb6fdf5a0a0') in 0.889366 seconds
  Import took 0.894625 seconds .

========================================================================
Received Prepare
Shader 'Universal Render Pipeline/Particles/Lit': fallback shader 'Universal Render Pipeline/Particles/SimpleLit' not found
Refreshing native plugins compatible for Editor in 1.02 ms, found 2 plugins.
Preloading 0 native plugins for Editor in 0.00 ms.
Unloading 11 Unused Serialized files (Serialized files now loaded: 0)
System memory in use before: 157.6 MB.
System memory in use after: 157.8 MB.

Unloading 11 unused Assets to reduce memory usage. Loaded Objects now: 3492.
Total: 2.331833 ms (FindLiveObjects: 0.228125 ms CreateObjectMapping: 0.072750 ms MarkObjects: 1.934000 ms  DeleteObjects: 0.096209 ms)

========================================================================
Received Prepare
Registering precompiled user dll's ...
Registered in 0.000850 seconds.
Begin MonoManager ReloadAssembly
Native extension for LinuxStandalone target not found
Native extension for WindowsStandalone target not found
Native extension for OSXStandalone target not found
Native extension for WebGL target not found
Refreshing native plugins compatible for Editor in 0.55 ms, found 2 plugins.
Preloading 0 native plugins for Editor in 0.00 ms.
Invoked RoslynAnalysisRunner static constructor.
RoslynAnalysisRunner will not be running.
RoslynAnalysisRunner has terminated.
Mono: successfully reloaded assembly
- Completed reload, in  2.209 seconds
Platform modules already initialized, skipping
Shader 'Universal Render Pipeline/Particles/Lit': fallback shader 'Universal Render Pipeline/Particles/SimpleLit' not found
Refreshing native plugins compatible for Editor in 0.49 ms, found 2 plugins.
Preloading 0 native plugins for Editor in 0.00 ms.
Unloading 2857 Unused Serialized files (Serialized files now loaded: 0)
System memory in use before: 211.9 MB.
System memory in use after: 212.0 MB.

Unloading 13 unused Assets to reduce memory usage. Loaded Objects now: 3474.
Total: 1.891584 ms (FindLiveObjects: 0.206959 ms CreateObjectMapping: 0.059125 ms MarkObjects: 1.522791 ms  DeleteObjects: 0.101625 ms)

========================================================================
Received Prepare
Registering precompiled user dll's ...
Registered in 0.000697 seconds.
Begin MonoManager ReloadAssembly
Native extension for LinuxStandalone target not found
Native extension for WindowsStandalone target not found
Native extension for OSXStandalone target not found
Native extension for WebGL target not found
Refreshing native plugins compatible for Editor in 0.48 ms, found 2 plugins.
Preloading 0 native plugins for Editor in 0.00 ms.
Invoked RoslynAnalysisRunner static constructor.
RoslynAnalysisRunner will not be running.
RoslynAnalysisRunner has terminated.
Mono: successfully reloaded assembly
- Completed reload, in  1.935 seconds
Platform modules already initialized, skipping
Shader 'Universal Render Pipeline/Particles/Lit': fallback shader 'Universal Render Pipeline/Particles/SimpleLit' not found
Refreshing native plugins compatible for Editor in 0.52 ms, found 2 plugins.
Preloading 0 native plugins for Editor in 0.00 ms.
Unloading 2857 Unused Serialized files (Serialized files now loaded: 0)
System memory in use before: 212.3 MB.
System memory in use after: 212.4 MB.

Unloading 13 unused Assets to reduce memory usage. Loaded Objects now: 3477.
Total: 2.107417 ms (FindLiveObjects: 0.276500 ms CreateObjectMapping: 0.059666 ms MarkObjects: 1.655209 ms  DeleteObjects: 0.114792 ms)

========================================================================
Received Prepare
Registering precompiled user dll's ...
Registered in 0.000715 seconds.
Begin MonoManager ReloadAssembly
Native extension for LinuxStandalone target not found
Native extension for WindowsStandalone target not found
Native extension for OSXStandalone target not found
Native extension for WebGL target not found
Refreshing native plugins compatible for Editor in 0.51 ms, found 2 plugins.
Preloading 0 native plugins for Editor in 0.00 ms.
Invoked RoslynAnalysisRunner static constructor.
RoslynAnalysisRunner will not be running.
RoslynAnalysisRunner has terminated.
Mono: successfully reloaded assembly
- Completed reload, in  1.857 seconds
Platform modules already initialized, skipping
Shader 'Universal Render Pipeline/Particles/Lit': fallback shader 'Universal Render Pipeline/Particles/SimpleLit' not found
Refreshing native plugins compatible for Editor in 0.46 ms, found 2 plugins.
Preloading 0 native plugins for Editor in 0.00 ms.
Unloading 2857 Unused Serialized files (Serialized files now loaded: 0)
System memory in use before: 212.6 MB.
System memory in use after: 212.7 MB.

Unloading 13 unused Assets to reduce memory usage. Loaded Objects now: 3480.
Total: 1.853416 ms (FindLiveObjects: 0.203917 ms CreateObjectMapping: 0.059708 ms MarkObjects: 1.489125 ms  DeleteObjects: 0.099666 ms)

