Using pre-set license

 COMMAND LINE ARGUMENTS:
/Applications/Unity/Hub/Editor/2020.2.3f1/Unity.app/Contents/MacOS/Unity
-adb2
-batchMode
-noUpm
-name
AssetImportWorker3
-projectPath
/Users/anttih/dev/vball
-logFile
Logs/AssetImportWorker3.log
-srvPort
60677
Successfully changed project path to: /Users/anttih/dev/vball
/Users/anttih/dev/vball
Using Asset Import Pipeline V2.
Refreshing native plugins compatible for Editor in 49.82 ms, found 2 plugins.
Preloading 0 native plugins for Editor in 0.00 ms.
Initialize engine version: 2020.2.3f1 (8ff31bc5bf5b)
[Subsystems] Discovering subsystems at path /Applications/Unity/Hub/Editor/2020.2.3f1/Unity.app/Contents/Resources/UnitySubsystems
[Subsystems] Discovering subsystems at path /Users/anttih/dev/vball/Assets
GfxDevice: creating device client; threaded=0
2021-02-15 15:43:03.699 Unity[16955:638714] (null) preferred device: Apple M1 (high power)
2021-02-15 15:43:03.699 Unity[16955:638714] Metal devices available: 1
2021-02-15 15:43:03.699 Unity[16955:638714] 0: Apple M1 (high power)
2021-02-15 15:43:03.700 Unity[16955:638714] Using device Apple M1 (high power)
Initializing Metal device caps: Apple M1
Shader 'Universal Render Pipeline/Particles/Lit': fallback shader 'Universal Render Pipeline/Particles/SimpleLit' not found
Initialize mono
Mono path[0] = '/Applications/Unity/Hub/Editor/2020.2.3f1/Unity.app/Contents/Managed'
Mono path[1] = '/Applications/Unity/Hub/Editor/2020.2.3f1/Unity.app/Contents/MonoBleedingEdge/lib/mono/unityjit'
Mono config path = '/Applications/Unity/Hub/Editor/2020.2.3f1/Unity.app/Contents/MonoBleedingEdge/etc'
Using monoOptions --debugger-agent=transport=dt_socket,embedding=1,server=y,suspend=n,address=127.0.0.1:56955
Begin MonoManager ReloadAssembly
Registering precompiled unity dll's ...
Register platform support module: /Applications/Unity/Hub/Editor/2020.2.3f1/PlaybackEngines/WebGLSupport/UnityEditor.WebGL.Extensions.dll
Register platform support module: /Applications/Unity/Hub/Editor/2020.2.3f1/Unity.app/Contents/PlaybackEngines/MacStandaloneSupport/UnityEditor.OSXStandalone.Extensions.dll
Register platform support module: /Applications/Unity/Hub/Editor/2020.2.3f1/PlaybackEngines/WindowsStandaloneSupport/UnityEditor.WindowsStandalone.Extensions.dll
Register platform support module: /Applications/Unity/Hub/Editor/2020.2.3f1/PlaybackEngines/LinuxStandaloneSupport/UnityEditor.LinuxStandalone.Extensions.dll
Registered in 0.001519 seconds.
Native extension for LinuxStandalone target not found
Native extension for WindowsStandalone target not found
Native extension for OSXStandalone target not found
Native extension for WebGL target not found
Refreshing native plugins compatible for Editor in 52.15 ms, found 2 plugins.
Preloading 0 native plugins for Editor in 0.00 ms.
Invoked RoslynAnalysisRunner static constructor.
RoslynAnalysisRunner will not be running.
RoslynAnalysisRunner has terminated.
Mono: successfully reloaded assembly
- Completed reload, in  3.222 seconds
Platform modules already initialized, skipping
Registering precompiled user dll's ...
Registered in 0.000577 seconds.
Begin MonoManager ReloadAssembly
Native extension for LinuxStandalone target not found
Native extension for WindowsStandalone target not found
Native extension for OSXStandalone target not found
Native extension for WebGL target not found
Refreshing native plugins compatible for Editor in 54.26 ms, found 2 plugins.
Preloading 0 native plugins for Editor in 0.00 ms.
Invoked RoslynAnalysisRunner static constructor.
RoslynAnalysisRunner will not be running.
RoslynAnalysisRunner has terminated.
Mono: successfully reloaded assembly
- Completed reload, in  1.999 seconds
Platform modules already initialized, skipping
========================================================================
Worker process is ready to serve import requests
Shader 'Universal Render Pipeline/Particles/Lit': fallback shader 'Universal Render Pipeline/Particles/SimpleLit' not found
Launching external process: /Applications/Unity/Hub/Editor/2020.2.3f1/Unity.app/Contents/Tools/UnityShaderCompiler
Launched and connected shader compiler UnityShaderCompiler after 0.02 seconds
Refreshing native plugins compatible for Editor in 0.52 ms, found 2 plugins.
Preloading 0 native plugins for Editor in 0.00 ms.
Unloading 3134 Unused Serialized files (Serialized files now loaded: 0)
System memory in use before: 215.6 MB.
System memory in use after: 215.7 MB.

Unloading 26 unused Assets to reduce memory usage. Loaded Objects now: 3575.
Total: 1.797083 ms (FindLiveObjects: 0.207375 ms CreateObjectMapping: 0.069958 ms MarkObjects: 1.397375 ms  DeleteObjects: 0.121500 ms)

========================================================================
Received Import Request.
  path: Assets/Materials/White Ring.mat
  artifactKey: Guid(f5aa0735ed0244109974c3b6ba9c20e1) Importer(815301076,1909f56bfc062723c751e8b465ee728b)
Start importing Assets/Materials/White Ring.mat using Guid(f5aa0735ed0244109974c3b6ba9c20e1) Importer(815301076,1909f56bfc062723c751e8b465ee728b)  -> (artifact id: '1599037001d823b3f75da7d53dab5e3f') in 0.923915 seconds
  Import took 0.929143 seconds .

========================================================================
Received Import Request.
  Time since last request: 312.774225 seconds.
  path: Assets/Prefabs/Pulse.prefab
  artifactKey: Guid(151e945063c9543d287a3bb3c0ad8ef7) Importer(815301076,1909f56bfc062723c751e8b465ee728b)
Start importing Assets/Prefabs/Pulse.prefab using Guid(151e945063c9543d287a3bb3c0ad8ef7) Importer(815301076,1909f56bfc062723c751e8b465ee728b)  -> (artifact id: 'fcf7fe76090084a74025599e14169441') in 0.165690 seconds
  Import took 0.169826 seconds .

========================================================================
Received Prepare
Registering precompiled user dll's ...
Registered in 0.001144 seconds.
Begin MonoManager ReloadAssembly
Native extension for LinuxStandalone target not found
Native extension for WindowsStandalone target not found
Native extension for OSXStandalone target not found
Native extension for WebGL target not found
Refreshing native plugins compatible for Editor in 0.48 ms, found 2 plugins.
Preloading 0 native plugins for Editor in 0.00 ms.
Invoked RoslynAnalysisRunner static constructor.
RoslynAnalysisRunner will not be running.
RoslynAnalysisRunner has terminated.
Mono: successfully reloaded assembly
- Completed reload, in  2.005 seconds
Platform modules already initialized, skipping
Shader 'Universal Render Pipeline/Particles/Lit': fallback shader 'Universal Render Pipeline/Particles/SimpleLit' not found
Refreshing native plugins compatible for Editor in 0.48 ms, found 2 plugins.
Preloading 0 native plugins for Editor in 0.00 ms.
Unloading 3004 Unused Serialized files (Serialized files now loaded: 0)
System memory in use before: 223.1 MB.
System memory in use after: 223.3 MB.

Unloading 14 unused Assets to reduce memory usage. Loaded Objects now: 3656.
Total: 1.900833 ms (FindLiveObjects: 0.232875 ms CreateObjectMapping: 0.067417 ms MarkObjects: 1.503709 ms  DeleteObjects: 0.095959 ms)

========================================================================
Received Prepare
Registering precompiled user dll's ...
Registered in 0.000692 seconds.
Begin MonoManager ReloadAssembly
Native extension for LinuxStandalone target not found
Native extension for WindowsStandalone target not found
Native extension for OSXStandalone target not found
Native extension for WebGL target not found
Refreshing native plugins compatible for Editor in 0.47 ms, found 2 plugins.
Preloading 0 native plugins for Editor in 0.00 ms.
Invoked RoslynAnalysisRunner static constructor.
RoslynAnalysisRunner will not be running.
RoslynAnalysisRunner has terminated.
Mono: successfully reloaded assembly
- Completed reload, in  1.863 seconds
Platform modules already initialized, skipping
Shader 'Universal Render Pipeline/Particles/Lit': fallback shader 'Universal Render Pipeline/Particles/SimpleLit' not found
Refreshing native plugins compatible for Editor in 0.48 ms, found 2 plugins.
Preloading 0 native plugins for Editor in 0.00 ms.
Unloading 3004 Unused Serialized files (Serialized files now loaded: 0)
System memory in use before: 223.5 MB.
System memory in use after: 223.6 MB.

Unloading 14 unused Assets to reduce memory usage. Loaded Objects now: 3659.
Total: 1.846917 ms (FindLiveObjects: 0.201250 ms CreateObjectMapping: 0.062959 ms MarkObjects: 1.489291 ms  DeleteObjects: 0.092708 ms)

========================================================================
Received Import Request.
  Time since last request: 166.907116 seconds.
  path: Assets/Prefabs/Pulse.prefab
  artifactKey: Guid(151e945063c9543d287a3bb3c0ad8ef7) Importer(815301076,1909f56bfc062723c751e8b465ee728b)
Start importing Assets/Prefabs/Pulse.prefab using Guid(151e945063c9543d287a3bb3c0ad8ef7) Importer(815301076,1909f56bfc062723c751e8b465ee728b)  -> (artifact id: '7e5023591e9f67ebfdcdf50f080df98d') in 0.064033 seconds
  Import took 0.068827 seconds .

========================================================================
Received Import Request.
  Time since last request: 0.681036 seconds.
  path: Assets/Prefabs/Pulse.prefab
  artifactKey: Guid(151e945063c9543d287a3bb3c0ad8ef7) Importer(815301076,1909f56bfc062723c751e8b465ee728b)
Start importing Assets/Prefabs/Pulse.prefab using Guid(151e945063c9543d287a3bb3c0ad8ef7) Importer(815301076,1909f56bfc062723c751e8b465ee728b)  -> (artifact id: 'fcacb1b9405dbc9e7c0f0a36099017ac') in 0.004900 seconds
  Import took 0.010442 seconds .

========================================================================
Received Import Request.
  Time since last request: 6.602497 seconds.
  path: Assets/Prefabs/Pulse.prefab
  artifactKey: Guid(151e945063c9543d287a3bb3c0ad8ef7) Importer(815301076,1909f56bfc062723c751e8b465ee728b)
Start importing Assets/Prefabs/Pulse.prefab using Guid(151e945063c9543d287a3bb3c0ad8ef7) Importer(815301076,1909f56bfc062723c751e8b465ee728b)  -> (artifact id: '41060a07d241f834262ee9b263bf9314') in 0.002906 seconds
  Import took 0.007426 seconds .

========================================================================
Received Prepare
Registering precompiled user dll's ...
Registered in 0.000772 seconds.
Begin MonoManager ReloadAssembly
Native extension for LinuxStandalone target not found
Native extension for WindowsStandalone target not found
Native extension for OSXStandalone target not found
Native extension for WebGL target not found
Refreshing native plugins compatible for Editor in 0.47 ms, found 2 plugins.
Preloading 0 native plugins for Editor in 0.00 ms.
Invoked RoslynAnalysisRunner static constructor.
RoslynAnalysisRunner will not be running.
RoslynAnalysisRunner has terminated.
Mono: successfully reloaded assembly
- Completed reload, in  1.884 seconds
Platform modules already initialized, skipping
Shader 'Universal Render Pipeline/Particles/Lit': fallback shader 'Universal Render Pipeline/Particles/SimpleLit' not found
Refreshing native plugins compatible for Editor in 0.46 ms, found 2 plugins.
Preloading 0 native plugins for Editor in 0.00 ms.
Unloading 3004 Unused Serialized files (Serialized files now loaded: 0)
System memory in use before: 223.9 MB.
System memory in use after: 224.0 MB.

Unloading 14 unused Assets to reduce memory usage. Loaded Objects now: 3662.
Total: 1.847417 ms (FindLiveObjects: 0.181083 ms CreateObjectMapping: 0.064375 ms MarkObjects: 1.513417 ms  DeleteObjects: 0.087959 ms)

========================================================================
Received Import Request.
  Time since last request: 24.954017 seconds.
  path: Assets/Prefabs/Pulse.prefab
  artifactKey: Guid(151e945063c9543d287a3bb3c0ad8ef7) Importer(815301076,1909f56bfc062723c751e8b465ee728b)
Start importing Assets/Prefabs/Pulse.prefab using Guid(151e945063c9543d287a3bb3c0ad8ef7) Importer(815301076,1909f56bfc062723c751e8b465ee728b)  -> (artifact id: 'a76abc7e45c4ec7b33f4ef987ecdb489') in 0.056823 seconds
  Import took 0.060898 seconds .

========================================================================
Received Import Request.
  Time since last request: 4.329519 seconds.
  path: Assets/Prefabs/Pulse.prefab
  artifactKey: Guid(151e945063c9543d287a3bb3c0ad8ef7) Importer(815301076,1909f56bfc062723c751e8b465ee728b)
Start importing Assets/Prefabs/Pulse.prefab using Guid(151e945063c9543d287a3bb3c0ad8ef7) Importer(815301076,1909f56bfc062723c751e8b465ee728b)  -> (artifact id: 'b6645e8585494688670ab09c4f992b64') in 0.005209 seconds
  Import took 0.010438 seconds .

========================================================================
Received Prepare
Registering precompiled user dll's ...
Registered in 0.000799 seconds.
Begin MonoManager ReloadAssembly
Native extension for LinuxStandalone target not found
Native extension for WindowsStandalone target not found
Native extension for OSXStandalone target not found
Native extension for WebGL target not found
Refreshing native plugins compatible for Editor in 0.52 ms, found 2 plugins.
Preloading 0 native plugins for Editor in 0.00 ms.
Invoked RoslynAnalysisRunner static constructor.
RoslynAnalysisRunner will not be running.
RoslynAnalysisRunner has terminated.
Mono: successfully reloaded assembly
- Completed reload, in  1.893 seconds
Platform modules already initialized, skipping
Shader 'Universal Render Pipeline/Particles/Lit': fallback shader 'Universal Render Pipeline/Particles/SimpleLit' not found
Refreshing native plugins compatible for Editor in 0.46 ms, found 2 plugins.
Preloading 0 native plugins for Editor in 0.00 ms.
Unloading 3004 Unused Serialized files (Serialized files now loaded: 0)
System memory in use before: 224.2 MB.
System memory in use after: 224.4 MB.

Unloading 14 unused Assets to reduce memory usage. Loaded Objects now: 3665.
Total: 1.813916 ms (FindLiveObjects: 0.195042 ms CreateObjectMapping: 0.062917 ms MarkObjects: 1.462333 ms  DeleteObjects: 0.093041 ms)

========================================================================
Received Import Request.
  Time since last request: 52.666748 seconds.
  path: Assets/Prefabs/Pulse.prefab
  artifactKey: Guid(151e945063c9543d287a3bb3c0ad8ef7) Importer(815301076,1909f56bfc062723c751e8b465ee728b)
Start importing Assets/Prefabs/Pulse.prefab using Guid(151e945063c9543d287a3bb3c0ad8ef7) Importer(815301076,1909f56bfc062723c751e8b465ee728b)  -> (artifact id: 'a0a99bd2767673f2188a022b9a0806e3') in 0.052168 seconds
  Import took 0.057369 seconds .

========================================================================
Received Import Request.
  Time since last request: 0.783656 seconds.
  path: Assets/Prefabs/Pulse.prefab
  artifactKey: Guid(151e945063c9543d287a3bb3c0ad8ef7) Importer(815301076,1909f56bfc062723c751e8b465ee728b)
Start importing Assets/Prefabs/Pulse.prefab using Guid(151e945063c9543d287a3bb3c0ad8ef7) Importer(815301076,1909f56bfc062723c751e8b465ee728b)  -> (artifact id: '4d59b038ec381c1a4fba671341d3ace3') in 0.004979 seconds
  Import took 0.010281 seconds .

========================================================================
Received Prepare
Registering precompiled user dll's ...
Registered in 0.000794 seconds.
Begin MonoManager ReloadAssembly
Native extension for LinuxStandalone target not found
Native extension for WindowsStandalone target not found
Native extension for OSXStandalone target not found
Native extension for WebGL target not found
Refreshing native plugins compatible for Editor in 0.47 ms, found 2 plugins.
Preloading 0 native plugins for Editor in 0.00 ms.
Invoked RoslynAnalysisRunner static constructor.
RoslynAnalysisRunner will not be running.
RoslynAnalysisRunner has terminated.
Mono: successfully reloaded assembly
- Completed reload, in  1.938 seconds
Platform modules already initialized, skipping
Shader 'Universal Render Pipeline/Particles/Lit': fallback shader 'Universal Render Pipeline/Particles/SimpleLit' not found
Refreshing native plugins compatible for Editor in 0.46 ms, found 2 plugins.
Preloading 0 native plugins for Editor in 0.00 ms.
Unloading 3004 Unused Serialized files (Serialized files now loaded: 0)
System memory in use before: 224.6 MB.
System memory in use after: 224.7 MB.

Unloading 14 unused Assets to reduce memory usage. Loaded Objects now: 3668.
Total: 1.916750 ms (FindLiveObjects: 0.218333 ms CreateObjectMapping: 0.064584 ms MarkObjects: 1.537542 ms  DeleteObjects: 0.095375 ms)

========================================================================
Received Prepare
Registering precompiled user dll's ...
Registered in 0.001625 seconds.
Begin MonoManager ReloadAssembly
Native extension for LinuxStandalone target not found
Native extension for WindowsStandalone target not found
Native extension for OSXStandalone target not found
Native extension for WebGL target not found
Refreshing native plugins compatible for Editor in 0.49 ms, found 2 plugins.
Preloading 0 native plugins for Editor in 0.00 ms.
Invoked RoslynAnalysisRunner static constructor.
RoslynAnalysisRunner will not be running.
RoslynAnalysisRunner has terminated.
Mono: successfully reloaded assembly
- Completed reload, in  1.969 seconds
Platform modules already initialized, skipping
Shader 'Universal Render Pipeline/Particles/Lit': fallback shader 'Universal Render Pipeline/Particles/SimpleLit' not found
Refreshing native plugins compatible for Editor in 0.47 ms, found 2 plugins.
Preloading 0 native plugins for Editor in 0.00 ms.
Unloading 3004 Unused Serialized files (Serialized files now loaded: 0)
System memory in use before: 224.9 MB.
System memory in use after: 225.1 MB.

Unloading 14 unused Assets to reduce memory usage. Loaded Objects now: 3671.
Total: 1.884292 ms (FindLiveObjects: 0.237084 ms CreateObjectMapping: 0.064125 ms MarkObjects: 1.485458 ms  DeleteObjects: 0.096875 ms)

========================================================================
Received Prepare
Registering precompiled user dll's ...
Registered in 0.000615 seconds.
Begin MonoManager ReloadAssembly
Native extension for LinuxStandalone target not found
Native extension for WindowsStandalone target not found
Native extension for OSXStandalone target not found
Native extension for WebGL target not found
Refreshing native plugins compatible for Editor in 0.48 ms, found 2 plugins.
Preloading 0 native plugins for Editor in 0.00 ms.
Invoked RoslynAnalysisRunner static constructor.
RoslynAnalysisRunner will not be running.
RoslynAnalysisRunner has terminated.
Mono: successfully reloaded assembly
- Completed reload, in  2.019 seconds
Platform modules already initialized, skipping
Shader 'Universal Render Pipeline/Particles/Lit': fallback shader 'Universal Render Pipeline/Particles/SimpleLit' not found
Refreshing native plugins compatible for Editor in 0.50 ms, found 2 plugins.
Preloading 0 native plugins for Editor in 0.00 ms.
Unloading 3004 Unused Serialized files (Serialized files now loaded: 0)
System memory in use before: 225.3 MB.
System memory in use after: 225.4 MB.

Unloading 14 unused Assets to reduce memory usage. Loaded Objects now: 3674.
Total: 2.050250 ms (FindLiveObjects: 0.252583 ms CreateObjectMapping: 0.068959 ms MarkObjects: 1.622542 ms  DeleteObjects: 0.104583 ms)

========================================================================
Received Prepare
Registering precompiled user dll's ...
Registered in 0.000712 seconds.
Begin MonoManager ReloadAssembly
Native extension for LinuxStandalone target not found
Native extension for WindowsStandalone target not found
Native extension for OSXStandalone target not found
Native extension for WebGL target not found
Refreshing native plugins compatible for Editor in 0.49 ms, found 2 plugins.
Preloading 0 native plugins for Editor in 0.00 ms.
Invoked RoslynAnalysisRunner static constructor.
RoslynAnalysisRunner will not be running.
RoslynAnalysisRunner has terminated.
Mono: successfully reloaded assembly
- Completed reload, in  1.975 seconds
Platform modules already initialized, skipping
Shader 'Universal Render Pipeline/Particles/Lit': fallback shader 'Universal Render Pipeline/Particles/SimpleLit' not found
Refreshing native plugins compatible for Editor in 0.47 ms, found 2 plugins.
Preloading 0 native plugins for Editor in 0.00 ms.
Unloading 3004 Unused Serialized files (Serialized files now loaded: 0)
System memory in use before: 225.6 MB.
System memory in use after: 225.7 MB.

Unloading 14 unused Assets to reduce memory usage. Loaded Objects now: 3677.
Total: 1.850042 ms (FindLiveObjects: 0.217917 ms CreateObjectMapping: 0.063417 ms MarkObjects: 1.474041 ms  DeleteObjects: 0.093750 ms)

========================================================================
Received Prepare
Registering precompiled user dll's ...
Registered in 0.000767 seconds.
Begin MonoManager ReloadAssembly
Native extension for LinuxStandalone target not found
Native extension for WindowsStandalone target not found
Native extension for OSXStandalone target not found
Native extension for WebGL target not found
Refreshing native plugins compatible for Editor in 0.50 ms, found 2 plugins.
Preloading 0 native plugins for Editor in 0.00 ms.
Invoked RoslynAnalysisRunner static constructor.
RoslynAnalysisRunner will not be running.
RoslynAnalysisRunner has terminated.
Mono: successfully reloaded assembly
- Completed reload, in  1.942 seconds
Platform modules already initialized, skipping
Shader 'Universal Render Pipeline/Particles/Lit': fallback shader 'Universal Render Pipeline/Particles/SimpleLit' not found
Refreshing native plugins compatible for Editor in 0.49 ms, found 2 plugins.
Preloading 0 native plugins for Editor in 0.00 ms.
Unloading 3004 Unused Serialized files (Serialized files now loaded: 0)
System memory in use before: 226.0 MB.
System memory in use after: 226.1 MB.

Unloading 14 unused Assets to reduce memory usage. Loaded Objects now: 3680.
Total: 1.851083 ms (FindLiveObjects: 0.215209 ms CreateObjectMapping: 0.063666 ms MarkObjects: 1.470334 ms  DeleteObjects: 0.100792 ms)

========================================================================
Received Prepare
Registering precompiled user dll's ...
Registered in 0.000933 seconds.
Begin MonoManager ReloadAssembly
Native extension for LinuxStandalone target not found
Native extension for WindowsStandalone target not found
Native extension for OSXStandalone target not found
Native extension for WebGL target not found
Refreshing native plugins compatible for Editor in 0.48 ms, found 2 plugins.
Preloading 0 native plugins for Editor in 0.00 ms.
Invoked RoslynAnalysisRunner static constructor.
RoslynAnalysisRunner will not be running.
RoslynAnalysisRunner has terminated.
Mono: successfully reloaded assembly
- Completed reload, in  2.008 seconds
Platform modules already initialized, skipping
Shader 'Universal Render Pipeline/Particles/Lit': fallback shader 'Universal Render Pipeline/Particles/SimpleLit' not found
Refreshing native plugins compatible for Editor in 0.47 ms, found 2 plugins.
Preloading 0 native plugins for Editor in 0.00 ms.
Unloading 3004 Unused Serialized files (Serialized files now loaded: 0)
System memory in use before: 226.3 MB.
System memory in use after: 226.4 MB.

Unloading 14 unused Assets to reduce memory usage. Loaded Objects now: 3683.
Total: 1.943500 ms (FindLiveObjects: 0.210666 ms CreateObjectMapping: 0.068625 ms MarkObjects: 1.559709 ms  DeleteObjects: 0.103750 ms)

========================================================================
Received Prepare
Registering precompiled user dll's ...
Registered in 0.000911 seconds.
Begin MonoManager ReloadAssembly
Native extension for LinuxStandalone target not found
Native extension for WindowsStandalone target not found
Native extension for OSXStandalone target not found
Native extension for WebGL target not found
Refreshing native plugins compatible for Editor in 0.48 ms, found 2 plugins.
Preloading 0 native plugins for Editor in 0.00 ms.
Invoked RoslynAnalysisRunner static constructor.
RoslynAnalysisRunner will not be running.
RoslynAnalysisRunner has terminated.
Mono: successfully reloaded assembly
- Completed reload, in  1.904 seconds
Platform modules already initialized, skipping
Shader 'Universal Render Pipeline/Particles/Lit': fallback shader 'Universal Render Pipeline/Particles/SimpleLit' not found
Refreshing native plugins compatible for Editor in 0.45 ms, found 2 plugins.
Preloading 0 native plugins for Editor in 0.00 ms.
Unloading 3004 Unused Serialized files (Serialized files now loaded: 0)
System memory in use before: 226.6 MB.
System memory in use after: 226.8 MB.

Unloading 14 unused Assets to reduce memory usage. Loaded Objects now: 3686.
Total: 1.856167 ms (FindLiveObjects: 0.199625 ms CreateObjectMapping: 0.063458 ms MarkObjects: 1.497708 ms  DeleteObjects: 0.094541 ms)

